<application>
    <display-name>ear</display-name>
    <module>
        <ejb>Employee.jar</ejb>
    </module>
    <module>
        <web>
            <web-uri>Employee.war</web-uri>
            <context-root>/test</context-root>
        </web>
    </module>
</application>