<?xml version="1.0" encoding="UTF-8"?>
<persistence xmlns="http://java.sun.com/xml/ns/persistence"
             xmlns:xsi="http://www.w3.org/2001/XMLSchema-instance"
             xsi:schemaLocation="http://java.sun.com/xml/ns/persistence
    http://java.sun.com/xml/ns/persistence/persistence_1_0.xsd" version="1.0">

    <persistence-unit name="mmcs2EjbPU" transaction-type="JTA">
        <jta-data-source>java:/MariaDBDS</jta-data-source>
        <properties>
            <property name="hibernate.delay_cdi_access" value="true"/>
            <property name="hibernate.connection.autocommit" value="true"/>
            <property name="hibernate.format_sql" value="true"/>
            <property name="hibernate.dialect" value="org.hibernate.dialect.MariaDB103Dialect"/>
            <property name="hibernate.show_sql" value="true"/>
            <property name="hibernate.transaction.auto_close_session" value="true"/>
            <property name="hibernate.transaction.flush_before_completion" value="true"/>
        </properties>
    </persistence-unit>

</persistence>
